<?xml version="1.0" encoding="UTF-8"?>
<!-- Generated by org.testng.reporters.JUnitXMLReporter -->
<testsuite ignored="0" hostname="Nistozs-MacBook-Pro-II.local" failures="0" tests="3" name="Default test" time="19.724" errors="0" timestamp="2023-07-22T12:34:14 CDT">
  <testcase classname="nb_c12s10_Util_pkg.LoginTest" name="loginTest" time="1.233"/>
  <testcase classname="nb_c12s10_Util_pkg.LoginTest" name="loginTest" time="0.796"/>
  <testcase classname="nb_c12s10_Util_pkg.LoginTest" name="loginTest" time="0.908"/>
</testsuite> <!-- Default test -->
