<?xml version="1.0" encoding="UTF-8"?>
<testng-results ignored="0" total="3" passed="3" failed="0" skipped="0">
  <reporter-output>
  </reporter-output>
  <suite started-at="2023-07-22T12:33:54 CDT" name="Default suite" finished-at="2023-07-22T12:34:14 CDT" duration-ms="19724">
    <groups>
    </groups>
    <test started-at="2023-07-22T12:33:54 CDT" name="Default test" finished-at="2023-07-22T12:34:14 CDT" duration-ms="19724">
      <class name="nb_c12s10_Util_pkg.LoginTest">
        <test-method is-config="true" signature="reportGenerator()[pri:0, instance:nb_c12s10_Util_pkg.LoginTest@4b013c76]" started-at="2023-07-22T12:33:54 CDT" name="reportGenerator" finished-at="2023-07-22T12:33:54 CDT" duration-ms="195" status="PASS">
          <reporter-output>
          </reporter-output>
        </test-method> <!-- reportGenerator -->
        <test-method is-config="true" signature="init()[pri:0, instance:nb_c12s10_Util_pkg.LoginTest@4b013c76]" started-at="2023-07-22T12:33:54 CDT" name="init" finished-at="2023-07-22T12:33:58 CDT" duration-ms="4223" status="PASS">
          <reporter-output>
          </reporter-output>
        </test-method> <!-- init -->
        <test-method signature="loginTest(java.lang.String,java.lang.String)[pri:0, instance:nb_c12s10_Util_pkg.LoginTest@4b013c76]" started-at="2023-07-22T12:33:58 CDT" name="loginTest" data-provider="loginDataMultiUser" finished-at="2023-07-22T12:34:00 CDT" duration-ms="1233" status="PASS">
          <params>
            <param index="0">
              <value>
                <![CDATA[demo@techfios.com]]>
              </value>
            </param>
            <param index="1">
              <value>
                <![CDATA[abc123]]>
              </value>
            </param>
          </params>
          <reporter-output>
          </reporter-output>
        </test-method> <!-- loginTest -->
        <test-method is-config="true" signature="tearDown()[pri:0, instance:nb_c12s10_Util_pkg.LoginTest@4b013c76]" started-at="2023-07-22T12:34:00 CDT" name="tearDown" finished-at="2023-07-22T12:34:01 CDT" duration-ms="1756" status="PASS">
          <reporter-output>
          </reporter-output>
        </test-method> <!-- tearDown -->
        <test-method is-config="true" signature="init()[pri:0, instance:nb_c12s10_Util_pkg.LoginTest@4b013c76]" started-at="2023-07-22T12:34:01 CDT" name="init" finished-at="2023-07-22T12:34:05 CDT" duration-ms="3072" status="PASS">
          <reporter-output>
          </reporter-output>
        </test-method> <!-- init -->
        <test-method signature="loginTest(java.lang.String,java.lang.String)[pri:0, instance:nb_c12s10_Util_pkg.LoginTest@4b013c76]" started-at="2023-07-22T12:34:05 CDT" name="loginTest" data-provider="loginDataMultiUser" finished-at="2023-07-22T12:34:05 CDT" duration-ms="796" status="PASS">
          <params>
            <param index="0">
              <value>
                <![CDATA[demo@techfios1.com]]>
              </value>
            </param>
            <param index="1">
              <value>
                <![CDATA[abc123]]>
              </value>
            </param>
          </params>
          <reporter-output>
          </reporter-output>
        </test-method> <!-- loginTest -->
        <test-method is-config="true" signature="tearDown()[pri:0, instance:nb_c12s10_Util_pkg.LoginTest@4b013c76]" started-at="2023-07-22T12:34:05 CDT" name="tearDown" finished-at="2023-07-22T12:34:07 CDT" duration-ms="1731" status="PASS">
          <reporter-output>
          </reporter-output>
        </test-method> <!-- tearDown -->
        <test-method is-config="true" signature="init()[pri:0, instance:nb_c12s10_Util_pkg.LoginTest@4b013c76]" started-at="2023-07-22T12:34:07 CDT" name="init" finished-at="2023-07-22T12:34:11 CDT" duration-ms="3518" status="PASS">
          <reporter-output>
          </reporter-output>
        </test-method> <!-- init -->
        <test-method signature="loginTest(java.lang.String,java.lang.String)[pri:0, instance:nb_c12s10_Util_pkg.LoginTest@4b013c76]" started-at="2023-07-22T12:34:11 CDT" name="loginTest" data-provider="loginDataMultiUser" finished-at="2023-07-22T12:34:12 CDT" duration-ms="908" status="PASS">
          <params>
            <param index="0">
              <value>
                <![CDATA[demo@techfios.com]]>
              </value>
            </param>
            <param index="1">
              <value>
                <![CDATA[123abc123]]>
              </value>
            </param>
          </params>
          <reporter-output>
          </reporter-output>
        </test-method> <!-- loginTest -->
        <test-method is-config="true" signature="tearDown()[pri:0, instance:nb_c12s10_Util_pkg.LoginTest@4b013c76]" started-at="2023-07-22T12:34:12 CDT" name="tearDown" finished-at="2023-07-22T12:34:13 CDT" duration-ms="1765" status="PASS">
          <reporter-output>
          </reporter-output>
        </test-method> <!-- tearDown -->
        <test-method is-config="true" signature="reporterClose()[pri:0, instance:nb_c12s10_Util_pkg.LoginTest@4b013c76]" started-at="2023-07-22T12:34:13 CDT" name="reporterClose" finished-at="2023-07-22T12:34:14 CDT" duration-ms="438" status="PASS">
          <reporter-output>
          </reporter-output>
        </test-method> <!-- reporterClose -->
      </class> <!-- nb_c12s10_Util_pkg.LoginTest -->
    </test> <!-- Default test -->
  </suite> <!-- Default suite -->
</testng-results>
